<?xml version="1.0" encoding="UTF-8"?>
<!-- Generated by org.testng.reporters.JUnitXMLReporter -->
<testsuite ignored="2" hostname="Keekee" failures="0" tests="0" time="0.009" errors="0" timestamp="2025-06-26T20:28:32 IST">
  <testcase classname="testCases.TC001_AccountRegistration" name="verify_acc_regn" time="0.0">
    <ignored/>
  </testcase> <!-- verify_acc_regn -->
  <testcase classname="testCases.TC003_RegLogin" name="verify_login_with_registered_credentials" time="0.0">
    <ignored/>
  </testcase> <!-- verify_login_with_registered_credentials -->
</testsuite>
