<?xml version="1.0" encoding="UTF-8"?>
<!-- Generated by org.testng.reporters.JUnitXMLReporter -->
<testsuite ignored="0" hostname="Keekee" failures="0" tests="3" name="Wishlist Tests" time="78.259" errors="0" timestamp="2025-08-06T00:35:37 IST">
  <testcase classname="testCases.TC009_WishlistBadgeCount" name="test_WishlistCountVerification_Badge_Page" time="17.486"/>
  <testcase classname="testCases.TC010_DeleteProduct_From_WishList" name="verify_deleteFromWishList" time="22.006"/>
  <testcase classname="testCases.TC011_AddToCartFromWishlist" name="test_VerifyAddToCartFromWishList" time="18.181"/>
</testsuite> <!-- Wishlist Tests -->
