<?xml version="1.0" encoding="UTF-8"?>
<testng-results ignored="0" total="1" passed="1" failed="0" skipped="0">
  <reporter-output>
  </reporter-output>
  <suite started-at="2025-08-12T17:34:04 IST" name="TShirt Related Tests" finished-at="2025-08-12T17:34:32 IST" duration-ms="28574">
    <groups>
    </groups>
    <test started-at="2025-08-12T17:34:04 IST" name="TShirt Tests" finished-at="2025-08-12T17:34:32 IST" duration-ms="28574">
      <class name="testCases.TC017_PrintProduct">
        <test-method is-config="true" signature="setup(java.lang.String,java.lang.String)[pri:0, instance:testCases.TC017_PrintProduct@79517588]" started-at="2025-08-12T17:34:04 IST" name="setup" finished-at="2025-08-12T17:34:11 IST" duration-ms="7369" status="PASS">
          <params>
            <param index="0">
              <value>
                <![CDATA[Windows]]>
              </value>
            </param>
            <param index="1">
              <value>
                <![CDATA[chrome]]>
              </value>
            </param>
          </params>
          <reporter-output>
          </reporter-output>
        </test-method> <!-- setup -->
        <test-method signature="test_VerifyPrintProduct()[pri:0, instance:testCases.TC017_PrintProduct@79517588]" started-at="2025-08-12T17:34:11 IST" name="test_VerifyPrintProduct" finished-at="2025-08-12T17:34:32 IST" duration-ms="20738" status="PASS">
          <reporter-output>
          </reporter-output>
        </test-method> <!-- test_VerifyPrintProduct -->
        <test-method is-config="true" signature="tearDown()[pri:0, instance:testCases.TC017_PrintProduct@79517588]" started-at="2025-08-12T17:34:32 IST" name="tearDown" finished-at="2025-08-12T17:34:32 IST" duration-ms="369" status="PASS">
          <reporter-output>
          </reporter-output>
        </test-method> <!-- tearDown -->
      </class> <!-- testCases.TC017_PrintProduct -->
    </test> <!-- TShirt Tests -->
  </suite> <!-- TShirt Related Tests -->
</testng-results>
