<?xml version="1.0" encoding="UTF-8"?>
<!-- Generated by org.testng.reporters.JUnitXMLReporter -->
<testsuite ignored="0" hostname="Keekee" failures="0" tests="2" name="Out Of Stock Verification" time="43.168" errors="0" timestamp="2025-08-07T23:45:22 IST">
  <testcase classname="testCases.TC013_OutOfStockProdToCart" name="test_VerifyOutOfStockProdToCart" time="21.71"/>
  <testcase classname="testCases.TC014_OutOfStockAlertinCart" name="test_VerifyOutOfStockAlert" time="8.551"/>
</testsuite> <!-- Out Of Stock Verification -->
