<?xml version="1.0" encoding="UTF-8"?>
<!-- Generated by org.testng.reporters.JUnitXMLReporter -->
<testsuite ignored="0" hostname="Keekee" failures="0" tests="2" name="Parallel Order Count Verification" time="15.998" errors="0" timestamp="2025-08-03T11:10:04 IST">
  <testcase classname="testCases.TC007_RetreiveOrderCount" name="test_OrderCount" time="6.189"/>
  <testcase classname="testCases.TC008_OrderCount_BadgeTile" name="test_badge_tile" time="5.552"/>
</testsuite> <!-- Parallel Order Count Verification -->
